0 info it worked if it ends with ok
1 verbose cli [ '/home/tjackman/.nvm/versions/node/v6.9.1/bin/node',
1 verbose cli   '/home/tjackman/.nvm/versions/node/v6.9.1/bin/npm',
1 verbose cli   'start' ]
2 info using npm@3.10.8
3 info using node@v6.9.1
4 verbose run-script [ 'prestart', 'start', 'poststart' ]
5 info lifecycle keypress@0.0.0~prestart: keypress@0.0.0
6 silly lifecycle keypress@0.0.0~prestart: no script for prestart, continuing
7 info lifecycle keypress@0.0.0~start: keypress@0.0.0
8 verbose lifecycle keypress@0.0.0~start: unsafe-perm in lifecycle true
9 verbose lifecycle keypress@0.0.0~start: PATH: /home/tjackman/.nvm/versions/node/v6.9.1/lib/node_modules/npm/bin/node-gyp-bin:/home/tjackman/security/development/keypress/node_modules/.bin:/home/tjackman/.nvm/versions/node/v6.9.1/bin:/home/tjackman/bin:/home/tjackman/.local/bin:/home/tjackman/bin:/home/tjackman/.local/bin:/home/tjackman/bin:/home/tjackman/.local/bin:/home/tjackman/bin:/home/tjackman/.local/bin:/home/tjackman/bin:/home/tjackman/.local/bin:/home/tjackman/bin:/home/tjackman/.local/bin:/home/tjackman/bin:/home/tjackman/.local/bin:/home/tjackman/.rvm/gems/ruby-2.2.6/bin:/home/tjackman/.rvm/gems/ruby-2.2.6@global/bin:/home/tjackman/.rvm/rubies/ruby-2.2.6/bin:/home/tjackman/bin:/home/tjackman/.local/bin:/home/tjackman/.sdkman/candidates/gradle/current/bin:/home/tjackman/bin:/home/tjackman/.local/bin:/usr/local/sbin:/usr/local/bin:/usr/sbin:/usr/bin:/sbin:/bin:/usr/games:/usr/local/games:/snap/bin:/home/tjackman/.rvm/bin:/snap/bin:/home/tjackman/Android/Sdk/tools/:/home/tjackman/Android/Sdk/platform-tools/:/raincatcher-cli:/home/tjackman/.rvm/bin:/home/tjackman/.rvm/bin:/snap/bin:/home/tjackman/Android/Sdk/tools/:/home/tjackman/Android/Sdk/platform-tools/:/raincatcher-cli:/home/tjackman/.rvm/bin:/home/tjackman/.rvm/bin:/snap/bin:/home/tjackman/Android/Sdk/tools/:/home/tjackman/Android/Sdk/platform-tools/:/raincatcher-cli:/home/tjackman/.rvm/bin:/home/tjackman/.rvm/bin:/snap/bin:/home/tjackman/Android/Sdk/tools/:/home/tjackman/Android/Sdk/platform-tools/:/raincatcher-cli:/home/tjackman/.rvm/bin:/home/tjackman/.rvm/bin:/snap/bin:/home/tjackman/Android/Sdk/tools/:/home/tjackman/Android/Sdk/platform-tools/:/raincatcher-cli:/home/tjackman/.rvm/bin:/home/tjackman/.rvm/bin:/snap/bin:/home/tjackman/Android/Sdk/tools/:/home/tjackman/Android/Sdk/platform-tools/:/raincatcher-cli:/home/tjackman/.rvm/bin:/home/tjackman/.rvm/bin:/snap/bin:/home/tjackman/Android/Sdk/tools/:/home/tjackman/Android/Sdk/platform-tools/:/raincatcher-cli:/home/tjackman/.rvm/bin:/home/tjackman/.rvm/bin:/snap/bin:/home/tjackman/Android/Sdk/tools/:/home/tjackman/Android/Sdk/platform-tools/:/raincatcher-cli:/home/tjackman/.rvm/bin:/home/tjackman/.rvm/bin:/home/tjackman/Android/Sdk/tools/:/home/tjackman/Android/Sdk/platform-tools/:/raincatcher-cli:/home/tjackman/.rvm/bin
10 verbose lifecycle keypress@0.0.0~start: CWD: /home/tjackman/security/development/keypress
11 silly lifecycle keypress@0.0.0~start: Args: [ '-c', 'node ./bin/www' ]
12 silly lifecycle keypress@0.0.0~start: Returned: code: 143  signal: null
13 info lifecycle keypress@0.0.0~start: Failed to exec start script
14 verbose stack Error: keypress@0.0.0 start: `node ./bin/www`
14 verbose stack Exit status 143
14 verbose stack     at EventEmitter.<anonymous> (/home/tjackman/.nvm/versions/node/v6.9.1/lib/node_modules/npm/lib/utils/lifecycle.js:255:16)
14 verbose stack     at emitTwo (events.js:106:13)
14 verbose stack     at EventEmitter.emit (events.js:191:7)
14 verbose stack     at ChildProcess.<anonymous> (/home/tjackman/.nvm/versions/node/v6.9.1/lib/node_modules/npm/lib/utils/spawn.js:40:14)
14 verbose stack     at emitTwo (events.js:106:13)
14 verbose stack     at ChildProcess.emit (events.js:191:7)
14 verbose stack     at maybeClose (internal/child_process.js:877:16)
14 verbose stack     at Process.ChildProcess._handle.onexit (internal/child_process.js:226:5)
15 verbose pkgid keypress@0.0.0
16 verbose cwd /home/tjackman/security/development/keypress
17 error Linux 4.4.0-79-generic
18 error argv "/home/tjackman/.nvm/versions/node/v6.9.1/bin/node" "/home/tjackman/.nvm/versions/node/v6.9.1/bin/npm" "start"
19 error node v6.9.1
20 error npm  v3.10.8
21 error code ELIFECYCLE
22 error keypress@0.0.0 start: `node ./bin/www`
22 error Exit status 143
23 error Failed at the keypress@0.0.0 start script 'node ./bin/www'.
23 error Make sure you have the latest version of node.js and npm installed.
23 error If you do, this is most likely a problem with the keypress package,
23 error not with npm itself.
23 error Tell the author that this fails on your system:
23 error     node ./bin/www
23 error You can get information on how to open an issue for this project with:
23 error     npm bugs keypress
23 error Or if that isn't available, you can get their info via:
23 error     npm owner ls keypress
23 error There is likely additional logging output above.
24 verbose exit [ 1, true ]
